<?xml version="1.0" encoding="UTF-8"?>
<!-- Generated by org.testng.reporters.JUnitReportReporter -->
<testsuite hostname="8681fa50dd5058b" failures="0" tests="1" name="USTBatchNo3.TestNG.ConstructionSamudhraTest" time="0.020" errors="0" timestamp="2023-03-13T23:40:40 IST" skipped="0">
  <testcase classname="USTBatchNo3.TestNG.ConstructionSamudhraTest" name="Construction" time="0.020"/>
  <system-out/>
</testsuite> <!-- USTBatchNo3.TestNG.ConstructionSamudhraTest -->
