<?xml version="1.0" encoding="UTF-8"?>
<!-- Generated by org.testng.reporters.JUnitReportReporter -->
<testsuite hostname="8681fa50dd5058b" failures="0" tests="1" name="USTBatchNo3.TestNG.employeetest" time="0.012" errors="0" timestamp="2023-03-13T10:50:21 IST" skipped="0">
  <testcase classname="USTBatchNo3.TestNG.employeetest" name="emptest" time="0.012"/>
  <system-out/>
</testsuite> <!-- USTBatchNo3.TestNG.employeetest -->
